2025-07-07 12:26:46 [TestNG-tests-1] INFO  Log - Browser session satrted...
2025-07-07 12:26:46 [TestNG-tests-2] INFO  Log - Browser session satrted...
2025-07-07 12:27:21 [TestNG-tests-1] INFO  Log - Browser session ended...
2025-07-07 12:27:25 [TestNG-tests-1] INFO  Log - Browser session satrted...
2025-07-07 12:27:39 [TestNG-tests-1] INFO  Log - Navigating to LinkedIn post incepator page...
2025-07-07 12:28:04 [TestNG-tests-1] INFO  Log - Loging in...
2025-07-07 12:28:05 [TestNG-tests-1] INFO  Log - Validating each URL and taking screen shots...
2025-07-07 12:28:17 [TestNG-tests-1] INFO  Log - 
2025-07-07 12:28:23 [TestNG-tests-1] INFO  Log - 
2025-07-07 12:28:29 [TestNG-tests-1] INFO  Log - 
2025-07-07 12:28:35 [TestNG-tests-1] INFO  Log - 
2025-07-07 12:30:01 [TestNG-tests-1] INFO  Log - Browser session satrted...
2025-07-07 12:30:01 [TestNG-tests-2] INFO  Log - Browser session satrted...
2025-07-07 12:30:44 [TestNG-tests-1] INFO  Log - Navigating to facebook post incepator page...
2025-07-07 12:34:48 [TestNG-tests-1] INFO  Log - Browser session satrted...
2025-07-07 12:34:48 [TestNG-tests-2] INFO  Log - Browser session satrted...
2025-07-07 12:35:24 [TestNG-tests-1] INFO  Log - Navigating to facebook post incepator page...
2025-07-07 12:38:12 [TestNG-tests-2] INFO  Log - Browser session ended...
2025-07-07 12:38:15 [TestNG-tests-2] INFO  Log - Browser session satrted...
2025-07-07 12:38:26 [TestNG-tests-2] INFO  Log - Navigating to LinkedIn post incepator page...
2025-07-07 12:39:02 [TestNG-tests-2] INFO  Log - Loging in...
2025-07-07 12:39:02 [TestNG-tests-2] INFO  Log - Validating each URL and taking screen shots...
2025-07-07 12:39:42 [TestNG-tests-2] INFO  Log - Browser session ended...
2025-07-07 12:41:39 [TestNG-tests-2] INFO  Log - Browser session satrted...
2025-07-07 12:41:39 [TestNG-tests-1] INFO  Log - Browser session satrted...
2025-07-07 12:42:17 [TestNG-tests-1] INFO  Log - Navigating to facebook post incepator page...
2025-07-07 12:44:14 [TestNG-tests-1] INFO  Log - Browser session ended...
2025-07-07 12:45:00 [TestNG-tests-2] INFO  Log - Browser session satrted...
2025-07-07 12:45:00 [TestNG-tests-1] INFO  Log - Browser session satrted...
2025-07-07 12:45:20 [TestNG-tests-1] INFO  Log - Browser session ended...
2025-07-07 12:47:05 [TestNG-tests-2] INFO  Log - Browser session satrted...
2025-07-07 12:47:05 [TestNG-tests-1] INFO  Log - Browser session satrted...
2025-07-07 12:53:32 [TestNG-tests-2] INFO  Log - Browser session satrted...
2025-07-07 12:53:32 [TestNG-tests-1] INFO  Log - Browser session satrted...
2025-07-07 12:53:55 [TestNG-tests-1] INFO  Log - Navigating to facebook post incepator page...
2025-07-07 12:54:10 [TestNG-tests-2] INFO  Log - Navigating to Twitter post incepator page...
2025-07-07 12:54:13 [TestNG-tests-2] INFO  Log - Loging in...
2025-07-07 12:54:13 [TestNG-tests-2] INFO  Log - Validating each URL and taking screen shots...
2025-07-07 12:54:39 [TestNG-tests-2] INFO  Log - Browser session ended...
2025-07-07 12:54:42 [TestNG-tests-2] INFO  Log - Browser session satrted...
2025-07-07 12:55:05 [TestNG-tests-2] INFO  Log - Navigating to LinkedIn post incepator page...
2025-07-07 12:55:32 [TestNG-tests-2] INFO  Log - Loging in...
2025-07-07 12:55:32 [TestNG-tests-2] INFO  Log - Validating each URL and taking screen shots...
2025-07-07 12:56:19 [TestNG-tests-1] INFO  Log - Loging in...
2025-07-07 12:56:19 [TestNG-tests-1] INFO  Log - Validating each URL and taking screen shots...
2025-07-07 12:56:30 [TestNG-tests-2] INFO  Log - Browser session ended...
2025-07-07 12:56:38 [TestNG-tests-1] INFO  Log - Browser session ended...
2025-07-09 12:52:56 [TestNG-tests-2] INFO  Log - Browser session satrted...
2025-07-09 12:53:23 [TestNG-tests-2] INFO  Log - Navigating to Twitter post incepator page...
2025-07-09 12:53:26 [TestNG-tests-2] INFO  Log - Loging in...
2025-07-09 12:53:26 [TestNG-tests-2] INFO  Log - Validating each URL and taking screen shots...
2025-07-09 12:53:50 [TestNG-tests-1] INFO  Log - Browser session satrted...
2025-07-09 12:53:52 [TestNG-tests-2] INFO  Log - Browser session ended...
2025-07-09 12:53:56 [TestNG-tests-2] INFO  Log - Browser session satrted...
2025-07-09 12:54:09 [TestNG-tests-1] INFO  Log - Navigating to facebook post incepator page...
2025-07-09 12:54:12 [TestNG-tests-2] INFO  Log - Navigating to LinkedIn post incepator page...
2025-07-09 12:54:28 [TestNG-tests-2] INFO  Log - Loging in...
2025-07-09 12:54:28 [TestNG-tests-2] INFO  Log - Validating each URL and taking screen shots...
2025-07-09 16:23:30 [TestNG-tests-2] INFO  Log - Browser session satrted...
2025-07-09 16:23:30 [TestNG-tests-1] INFO  Log - Browser session satrted...
2025-07-09 16:23:55 [TestNG-tests-1] INFO  Log - Navigating to facebook post incepator page...
2025-07-09 16:24:03 [TestNG-tests-2] INFO  Log - Navigating to Twitter post incepator page...
2025-07-09 16:24:11 [TestNG-tests-2] INFO  Log - Loging in...
2025-07-09 16:24:11 [TestNG-tests-2] INFO  Log - Validating each URL and taking screen shots...
2025-07-09 16:24:44 [TestNG-tests-2] INFO  Log - Browser session ended...
2025-07-09 16:24:46 [TestNG-tests-2] INFO  Log - Browser session satrted...
2025-07-09 16:24:58 [TestNG-tests-2] INFO  Log - Navigating to LinkedIn post incepator page...
2025-07-09 16:25:14 [TestNG-tests-2] INFO  Log - Loging in...
2025-07-09 16:25:14 [TestNG-tests-2] INFO  Log - Validating each URL and taking screen shots...
2025-07-09 16:25:41 [TestNG-tests-2] INFO  Log - Browser session ended...
2025-07-09 16:27:04 [TestNG-tests-1] INFO  Log - Browser session ended...
2025-07-09 16:35:02 [TestNG-tests-2] INFO  Log - Browser session satrted...
2025-07-09 16:35:02 [TestNG-tests-1] INFO  Log - Browser session satrted...
2025-07-09 16:35:31 [TestNG-tests-1] INFO  Log - Navigating to facebook post incepator page...
2025-07-09 16:35:41 [TestNG-tests-2] INFO  Log - Navigating to Twitter post incepator page...
2025-07-09 16:35:45 [TestNG-tests-2] INFO  Log - Loging in...
2025-07-09 16:35:45 [TestNG-tests-2] INFO  Log - Validating each URL and taking screen shots...
2025-07-09 16:36:13 [TestNG-tests-2] INFO  Log - Browser session ended...
2025-07-09 16:36:16 [TestNG-tests-2] INFO  Log - Browser session satrted...
2025-07-09 16:36:23 [TestNG-tests-2] INFO  Log - Navigating to LinkedIn post incepator page...
2025-07-09 16:36:37 [TestNG-tests-2] INFO  Log - Loging in...
2025-07-09 16:36:37 [TestNG-tests-2] INFO  Log - Validating each URL and taking screen shots...
2025-07-09 16:43:44 [TestNG-tests-1] INFO  Log - Browser session satrted...
2025-07-09 16:43:55 [TestNG-tests-1] INFO  Log - Navigating to facebook post incepator page...
2025-07-09 16:47:06 [TestNG-tests-1] INFO  Log - Browser session ended...
2025-07-09 16:49:20 [TestNG-tests-1] INFO  Log - Browser session satrted...
2025-07-09 16:49:26 [TestNG-tests-1] INFO  Log - Navigating to facebook post incepator page...
2025-07-09 16:49:41 [TestNG-tests-1] INFO  Log - Loging in...
2025-07-09 16:49:41 [TestNG-tests-1] INFO  Log - Validating each URL and taking screen shots...
2025-07-09 16:49:59 [TestNG-tests-1] INFO  Log - Browser session ended...
2025-07-09 19:47:50 [TestNG-tests-1] INFO  Log - Browser session satrted...
2025-07-09 19:47:50 [TestNG-tests-2] INFO  Log - Browser session satrted...
2025-07-09 19:48:01 [TestNG-tests-1] INFO  Log - Navigating to facebook post incepator page...
2025-07-09 19:48:08 [TestNG-tests-2] INFO  Log - Navigating to Twitter post incepator page...
2025-07-09 19:48:11 [TestNG-tests-2] INFO  Log - Loging in...
2025-07-09 19:48:11 [TestNG-tests-2] INFO  Log - Validating each URL and taking screen shots...
2025-07-09 19:48:25 [TestNG-tests-1] INFO  Log - Loging in...
2025-07-09 19:48:25 [TestNG-tests-1] INFO  Log - Validating each URL and taking screen shots...
2025-07-09 19:48:29 [TestNG-tests-2] INFO  Log - Browser session ended...
2025-07-09 19:48:33 [TestNG-tests-2] INFO  Log - Browser session satrted...
2025-07-09 19:48:40 [TestNG-tests-2] INFO  Log - Navigating to LinkedIn post incepator page...
2025-07-09 19:48:45 [TestNG-tests-1] INFO  Log - Browser session ended...
2025-07-09 19:48:51 [TestNG-tests-2] INFO  Log - Loging in...
2025-07-09 19:48:51 [TestNG-tests-2] INFO  Log - Validating each URL and taking screen shots...
2025-07-09 19:49:12 [TestNG-tests-2] INFO  Log - Browser session ended...
2025-07-09 19:55:52 [TestNG-tests-1] INFO  Log - Browser session satrted...
2025-07-09 19:55:52 [TestNG-tests-2] INFO  Log - Browser session satrted...
2025-07-09 19:56:08 [TestNG-tests-1] INFO  Log - Navigating to facebook post incepator page...
2025-07-09 19:56:12 [TestNG-tests-2] INFO  Log - Navigating to Twitter post incepator page...
2025-07-09 19:56:16 [TestNG-tests-2] INFO  Log - Loging in...
2025-07-09 19:56:16 [TestNG-tests-2] INFO  Log - Validating each URL and taking screen shots...
2025-07-09 19:56:33 [TestNG-tests-2] INFO  Log - Browser session ended...
2025-07-09 19:56:35 [TestNG-tests-2] INFO  Log - Browser session satrted...
2025-07-09 19:56:41 [TestNG-tests-2] INFO  Log - Navigating to LinkedIn post incepator page...
2025-07-09 19:56:54 [TestNG-tests-2] INFO  Log - Loging in...
2025-07-09 19:56:54 [TestNG-tests-2] INFO  Log - Validating each URL and taking screen shots...
2025-07-09 19:56:56 [TestNG-tests-1] INFO  Log - Browser session ended...
2025-07-09 19:57:12 [TestNG-tests-1] INFO  Log - Browser session satrted...
2025-07-09 19:57:12 [TestNG-tests-2] INFO  Log - Browser session satrted...
2025-07-09 19:57:22 [TestNG-tests-1] INFO  Log - Navigating to facebook post incepator page...
2025-07-09 19:57:27 [TestNG-tests-2] INFO  Log - Navigating to Twitter post incepator page...
2025-07-09 19:57:29 [TestNG-tests-2] INFO  Log - Loging in...
2025-07-09 19:57:29 [TestNG-tests-2] INFO  Log - Validating each URL and taking screen shots...
2025-07-09 19:57:46 [TestNG-tests-2] INFO  Log - Browser session ended...
2025-07-09 19:57:49 [TestNG-tests-2] INFO  Log - Browser session satrted...
2025-07-09 19:58:29 [TestNG-tests-2] INFO  Log - Browser session satrted...
2025-07-09 19:58:29 [TestNG-tests-1] INFO  Log - Browser session satrted...
2025-07-09 19:58:48 [TestNG-tests-2] INFO  Log - Navigating to Twitter post incepator page...
2025-07-09 19:58:52 [TestNG-tests-1] INFO  Log - Navigating to facebook post incepator page...
2025-07-09 19:58:53 [TestNG-tests-2] INFO  Log - Loging in...
2025-07-09 19:58:53 [TestNG-tests-2] INFO  Log - Validating each URL and taking screen shots...
2025-07-09 19:59:11 [TestNG-tests-1] INFO  Log - Loging in...
2025-07-09 19:59:11 [TestNG-tests-1] INFO  Log - Validating each URL and taking screen shots...
2025-07-09 19:59:14 [TestNG-tests-2] INFO  Log - Browser session ended...
2025-07-09 19:59:16 [TestNG-tests-2] INFO  Log - Browser session satrted...
2025-07-09 19:59:24 [TestNG-tests-2] INFO  Log - Navigating to LinkedIn post incepator page...
2025-07-09 19:59:29 [TestNG-tests-1] INFO  Log - Browser session ended...
2025-07-09 19:59:37 [TestNG-tests-2] INFO  Log - Loging in...
2025-07-09 19:59:37 [TestNG-tests-2] INFO  Log - Validating each URL and taking screen shots...
2025-07-09 19:59:58 [TestNG-tests-2] INFO  Log - Browser session ended...
2025-07-09 20:07:50 [TestNG-tests-1] INFO  Log - Browser session satrted...
2025-07-09 20:07:50 [TestNG-tests-2] INFO  Log - Browser session satrted...
2025-07-09 20:08:05 [TestNG-tests-1] INFO  Log - Navigating to facebook post incepator page...
2025-07-09 20:08:05 [TestNG-tests-2] INFO  Log - Navigating to Twitter post incepator page...
2025-07-09 20:08:07 [TestNG-tests-2] INFO  Log - Loging in...
2025-07-09 20:08:07 [TestNG-tests-2] INFO  Log - Validating each URL and taking screen shots...
2025-07-09 20:08:27 [TestNG-tests-2] INFO  Log - Browser session ended...
2025-07-09 20:08:28 [TestNG-tests-1] INFO  Log - Loging in...
2025-07-09 20:08:28 [TestNG-tests-1] INFO  Log - Validating each URL and taking screen shots...
2025-07-09 20:08:29 [TestNG-tests-2] INFO  Log - Browser session satrted...
2025-07-09 20:08:37 [TestNG-tests-2] INFO  Log - Navigating to LinkedIn post incepator page...
2025-07-09 20:08:47 [TestNG-tests-1] INFO  Log - Browser session ended...
2025-07-09 20:08:54 [TestNG-tests-2] INFO  Log - Loging in...
2025-07-09 20:08:54 [TestNG-tests-2] INFO  Log - Validating each URL and taking screen shots...
2025-07-09 20:09:15 [TestNG-tests-2] INFO  Log - Browser session ended...
2025-07-09 20:40:35 [TestNG-tests-2] INFO  Log - Browser session satrted...
2025-07-09 20:40:35 [TestNG-tests-1] INFO  Log - Browser session satrted...
2025-07-09 20:40:40 [TestNG-tests-1] INFO  Log - Navigating to facebook post incepator page...
2025-07-09 20:40:42 [TestNG-tests-2] INFO  Log - Navigating to Twitter post incepator page...
2025-07-09 20:40:45 [TestNG-tests-2] INFO  Log - Loging in...
2025-07-09 20:40:45 [TestNG-tests-2] INFO  Log - Validating each URL and taking screen shots...
2025-07-09 20:40:55 [TestNG-tests-1] INFO  Log - Loging in...
2025-07-09 20:40:55 [TestNG-tests-1] INFO  Log - Validating each URL and taking screen shots...
2025-07-09 20:40:57 [TestNG-tests-2] INFO  Log - Browser session ended...
2025-07-09 20:40:58 [TestNG-tests-2] INFO  Log - Browser session satrted...
2025-07-09 20:41:02 [TestNG-tests-2] INFO  Log - Navigating to LinkedIn post incepator page...
2025-07-09 20:41:08 [TestNG-tests-1] INFO  Log - Browser session ended...
2025-07-09 20:41:12 [TestNG-tests-2] INFO  Log - Loging in...
2025-07-09 20:41:12 [TestNG-tests-2] INFO  Log - Validating each URL and taking screen shots...
2025-07-09 20:41:29 [TestNG-tests-2] INFO  Log - Browser session ended...
2025-07-09 20:42:34 [TestNG-tests-1] INFO  Log - Browser session satrted...
2025-07-09 20:42:34 [TestNG-tests-2] INFO  Log - Browser session satrted...
2025-07-09 20:42:39 [TestNG-tests-1] INFO  Log - Navigating to facebook post incepator page...
2025-07-09 20:42:42 [TestNG-tests-2] INFO  Log - Navigating to Twitter post incepator page...
2025-07-09 20:42:43 [TestNG-tests-2] INFO  Log - Loging in...
2025-07-09 20:42:43 [TestNG-tests-2] INFO  Log - Validating each URL and taking screen shots...
2025-07-09 20:42:53 [TestNG-tests-1] INFO  Log - Loging in...
2025-07-09 20:42:53 [TestNG-tests-1] INFO  Log - Validating each URL and taking screen shots...
2025-07-09 20:42:56 [TestNG-tests-2] INFO  Log - Browser session ended...
2025-07-09 20:42:58 [TestNG-tests-2] INFO  Log - Browser session satrted...
2025-07-09 20:43:01 [TestNG-tests-2] INFO  Log - Navigating to LinkedIn post incepator page...
2025-07-09 20:43:06 [TestNG-tests-1] INFO  Log - Browser session ended...
2025-07-09 20:43:09 [TestNG-tests-2] INFO  Log - Loging in...
2025-07-09 20:43:09 [TestNG-tests-2] INFO  Log - Validating each URL and taking screen shots...
2025-07-09 20:43:26 [TestNG-tests-2] INFO  Log - Browser session ended...
2025-07-09 21:00:09 [TestNG-tests-1] INFO  Log - Browser session satrted...
2025-07-09 21:00:09 [TestNG-tests-2] INFO  Log - Browser session satrted...
2025-07-09 21:00:15 [TestNG-tests-1] INFO  Log - Navigating to facebook post incepator page...
2025-07-09 21:00:17 [TestNG-tests-2] INFO  Log - Navigating to Twitter post incepator page...
2025-07-09 21:00:18 [TestNG-tests-2] INFO  Log - Loging in...
2025-07-09 21:00:18 [TestNG-tests-2] INFO  Log - Validating each URL and taking screen shots...
2025-07-09 21:00:36 [TestNG-tests-2] INFO  Log - Browser session ended...
2025-07-09 21:00:38 [TestNG-tests-2] INFO  Log - Browser session satrted...
2025-07-09 21:00:59 [TestNG-tests-2] INFO  Log - Browser session satrted...
2025-07-09 21:00:59 [TestNG-tests-1] INFO  Log - Browser session satrted...
2025-07-09 21:01:05 [TestNG-tests-1] INFO  Log - Navigating to facebook post incepator page...
2025-07-09 21:01:07 [TestNG-tests-2] INFO  Log - Navigating to Twitter post incepator page...
2025-07-09 21:01:09 [TestNG-tests-2] INFO  Log - Loging in...
2025-07-09 21:01:09 [TestNG-tests-2] INFO  Log - Validating each URL and taking screen shots...
2025-07-09 21:01:23 [TestNG-tests-2] INFO  Log - Browser session ended...
2025-07-09 21:01:24 [TestNG-tests-2] INFO  Log - Browser session satrted...
2025-07-09 21:01:27 [TestNG-tests-2] INFO  Log - Navigating to LinkedIn post incepator page...
2025-07-09 21:01:35 [TestNG-tests-2] INFO  Log - Loging in...
2025-07-09 21:01:35 [TestNG-tests-2] INFO  Log - Validating each URL and taking screen shots...
2025-07-09 21:01:36 [TestNG-tests-2] INFO  Log - Browser session ended...
2025-07-09 22:36:29 [main] INFO  Log - Browser session satrted...
2025-07-09 22:36:37 [main] INFO  Log - Navigating to facebook post incepator page...
2025-07-09 22:37:25 [TestNG-tests-1] INFO  Log - Browser session satrted...
2025-07-09 22:37:25 [TestNG-tests-2] INFO  Log - Browser session satrted...
2025-07-09 22:37:41 [TestNG-tests-1] INFO  Log - Navigating to facebook post incepator page...
2025-07-09 22:37:42 [TestNG-tests-2] INFO  Log - Navigating to Twitter post incepator page...
2025-07-09 22:37:45 [TestNG-tests-2] INFO  Log - Loging in...
2025-07-09 22:37:45 [TestNG-tests-2] INFO  Log - Validating each URL and taking screen shots...
2025-07-09 22:38:10 [TestNG-tests-2] INFO  Log - Browser session ended...
2025-07-09 22:38:19 [TestNG-tests-1] INFO  Log - Browser session ended...
2025-07-09 22:38:20 [TestNG-tests-2] INFO  Log - Browser session satrted...
2025-07-09 22:38:40 [TestNG-tests-2] INFO  Log - Browser session satrted...
2025-07-09 22:38:40 [TestNG-tests-1] INFO  Log - Browser session satrted...
2025-07-09 22:38:58 [TestNG-tests-2] INFO  Log - Navigating to Twitter post incepator page...
2025-07-09 22:39:00 [TestNG-tests-1] INFO  Log - Navigating to facebook post incepator page...
2025-07-09 22:39:02 [TestNG-tests-2] INFO  Log - Loging in...
2025-07-09 22:39:02 [TestNG-tests-2] INFO  Log - Validating each URL and taking screen shots...
2025-07-09 22:39:32 [TestNG-tests-1] INFO  Log - Loging in...
2025-07-09 22:39:32 [TestNG-tests-1] INFO  Log - Validating each URL and taking screen shots...
2025-07-09 22:39:32 [TestNG-tests-2] INFO  Log - Browser session ended...
2025-07-09 22:39:41 [TestNG-tests-2] INFO  Log - Browser session satrted...
2025-07-09 22:39:50 [TestNG-tests-2] INFO  Log - Navigating to LinkedIn post incepator page...
2025-07-09 22:40:03 [TestNG-tests-1] INFO  Log - Browser session ended...
2025-07-09 22:40:16 [TestNG-tests-2] INFO  Log - Loging in...
2025-07-09 22:40:16 [TestNG-tests-2] INFO  Log - Validating each URL and taking screen shots...
2025-07-09 22:40:47 [TestNG-tests-2] INFO  Log - Browser session ended...
2025-07-09 22:45:08 [main] INFO  Log - Browser session satrted...
2025-07-09 22:45:13 [main] INFO  Log - Navigating to LinkedIn post incepator page...
2025-07-09 22:45:24 [main] INFO  Log - Loging in...
2025-07-09 22:45:24 [main] INFO  Log - Validating each URL and taking screen shots...
2025-07-09 22:49:24 [main] INFO  Log - Browser session satrted...
2025-07-09 22:49:30 [main] INFO  Log - Navigating to LinkedIn post incepator page...
2025-07-09 22:49:39 [main] INFO  Log - Browser session ended...
2025-07-09 22:50:28 [main] INFO  Log - Browser session satrted...
2025-07-09 22:50:28 [main] INFO  Log - Navigating to LinkedIn post incepator page...
2025-07-09 22:50:35 [main] INFO  Log - Browser session ended...
2025-07-09 22:52:26 [main] INFO  Log - Browser session satrted...
2025-07-09 22:52:26 [main] INFO  Log - Navigating to LinkedIn post incepator page...
2025-07-09 22:52:39 [main] INFO  Log - Browser session ended...
2025-07-09 22:54:24 [main] INFO  Log - Browser session satrted...
2025-07-09 22:54:24 [main] INFO  Log - Navigating to LinkedIn post incepator page...
2025-07-09 22:54:38 [main] INFO  Log - Browser session ended...
2025-07-09 22:55:04 [TestNG-tests-1] INFO  Log - Browser session satrted...
2025-07-09 22:55:04 [TestNG-tests-2] INFO  Log - Browser session satrted...
2025-07-09 22:55:24 [TestNG-tests-1] INFO  Log - Navigating to facebook post incepator page...
2025-07-09 22:55:25 [TestNG-tests-2] INFO  Log - Navigating to Twitter post incepator page...
2025-07-09 22:55:31 [TestNG-tests-2] INFO  Log - Loging in...
2025-07-09 22:55:31 [TestNG-tests-2] INFO  Log - Validating each URL and taking screen shots...
2025-07-09 22:55:51 [TestNG-tests-1] INFO  Log - Loging in...
2025-07-09 22:55:51 [TestNG-tests-1] INFO  Log - Validating each URL and taking screen shots...
2025-07-09 22:56:04 [TestNG-tests-2] INFO  Log - Browser session ended...
2025-07-09 22:56:13 [TestNG-tests-2] INFO  Log - Browser session satrted...
2025-07-09 22:56:13 [TestNG-tests-2] INFO  Log - Navigating to LinkedIn post incepator page...
2025-07-09 22:56:18 [TestNG-tests-1] INFO  Log - Browser session ended...
2025-07-09 22:56:24 [TestNG-tests-2] INFO  Log - Browser session ended...
2025-07-09 22:56:57 [main] INFO  Log - Browser session satrted...
2025-07-09 22:56:57 [main] INFO  Log - Navigating to LinkedIn post incepator page...
2025-07-09 22:56:58 [main] INFO  Log - Loging in...
2025-07-09 22:56:58 [main] INFO  Log - Validating each URL and taking screen shots...
2025-07-09 22:57:34 [main] INFO  Log - Browser session ended...
2025-07-09 22:59:59 [main] INFO  Log - Browser session satrted...
2025-07-09 23:00:11 [main] INFO  Log - Browser session satrted...
2025-07-09 23:00:26 [main] INFO  Log - Navigating to LinkedIn post incepator page...
2025-07-09 23:00:27 [main] INFO  Log - Loging in...
2025-07-09 23:00:27 [main] INFO  Log - Validating each URL and taking screen shots...
2025-07-09 23:02:32 [main] INFO  Log - Browser session satrted...
2025-07-09 23:02:47 [main] INFO  Log - Navigating to LinkedIn post incepator page...
2025-07-09 23:02:48 [main] INFO  Log - Loging in...
2025-07-09 23:02:48 [main] INFO  Log - Validating each URL and taking screen shots...
2025-07-09 23:04:43 [main] INFO  Log - Browser session satrted...
2025-07-09 23:04:58 [main] INFO  Log - Navigating to LinkedIn post incepator page...
2025-07-09 23:04:59 [main] INFO  Log - Loging in...
2025-07-09 23:04:59 [main] INFO  Log - Validating each URL and taking screen shots...
2025-07-09 23:06:07 [main] INFO  Log - Browser session satrted...
2025-07-09 23:06:20 [main] INFO  Log - Navigating to LinkedIn post incepator page...
2025-07-09 23:06:22 [main] INFO  Log - Loging in...
2025-07-09 23:06:22 [main] INFO  Log - Validating each URL and taking screen shots...
2025-07-09 23:10:10 [main] INFO  Log - Browser session satrted...
2025-07-09 23:10:34 [main] INFO  Log - Navigating to LinkedIn post incepator page...
2025-07-09 23:10:38 [main] INFO  Log - Loging in...
2025-07-09 23:10:39 [main] INFO  Log - Validating each URL and taking screen shots...
2025-07-09 23:11:08 [main] INFO  Log - Browser session ended...
2025-07-11 13:01:14 [main] INFO  Log - Browser session satrted...
2025-07-11 13:01:24 [main] INFO  Log - Navigating to facebook post incepator page...
2025-07-11 13:01:43 [main] INFO  Log - Browser session ended...
2025-07-11 13:02:15 [TestNG-tests-1] INFO  Log - Browser session satrted...
2025-07-11 13:02:15 [TestNG-tests-2] INFO  Log - Browser session satrted...
2025-07-11 13:02:33 [TestNG-tests-2] INFO  Log - Navigating to Twitter post incepator page...
2025-07-11 13:02:34 [TestNG-tests-1] INFO  Log - Navigating to facebook post incepator page...
2025-07-11 13:02:37 [TestNG-tests-2] INFO  Log - Loging in...
2025-07-11 13:02:37 [TestNG-tests-2] INFO  Log - Validating each URL and taking screen shots...
2025-07-11 13:03:00 [TestNG-tests-2] INFO  Log - Browser session ended...
2025-07-11 13:03:08 [TestNG-tests-2] INFO  Log - Browser session satrted...
2025-07-11 13:04:16 [TestNG-tests-1] INFO  Log - Browser session satrted...
2025-07-11 13:04:23 [TestNG-tests-1] INFO  Log - Navigating to facebook post incepator page...
2025-07-11 13:05:18 [TestNG-tests-1] INFO  Log - Browser session satrted...
2025-07-11 13:05:25 [TestNG-tests-1] INFO  Log - Navigating to facebook post incepator page...
2025-07-11 13:06:31 [TestNG-tests-1] INFO  Log - Browser session satrted...
2025-07-11 13:06:38 [TestNG-tests-1] INFO  Log - Navigating to facebook post incepator page...
2025-07-11 13:07:36 [TestNG-tests-1] INFO  Log - Loging in...
2025-07-11 13:07:36 [TestNG-tests-1] INFO  Log - Validating each URL and taking screen shots...
2025-07-11 13:08:04 [TestNG-tests-1] INFO  Log - Browser session ended...
2025-07-11 13:08:57 [TestNG-tests-1] INFO  Log - Browser session satrted...
2025-07-11 13:09:05 [TestNG-tests-1] INFO  Log - Navigating to facebook post incepator page...
2025-07-11 13:10:09 [TestNG-tests-1] INFO  Log - Loging in...
2025-07-11 13:10:09 [TestNG-tests-1] INFO  Log - Validating each URL and taking screen shots...
2025-07-11 13:37:55 [TestNG-tests-1] INFO  Log - Browser session satrted...
2025-07-11 13:38:02 [TestNG-tests-1] INFO  Log - Navigating to facebook post incepator page...
2025-07-11 13:38:23 [TestNG-tests-1] INFO  Log - Loging in...
2025-07-11 13:38:23 [TestNG-tests-1] INFO  Log - Validating each URL and taking screen shots...
2025-07-11 13:38:55 [TestNG-tests-1] INFO  Log - Browser session ended...
2025-07-11 13:44:13 [TestNG-tests-1] INFO  Log - Browser session satrted...
2025-07-11 13:44:22 [TestNG-tests-1] INFO  Log - Navigating to facebook post incepator page...
2025-07-11 13:44:28 [TestNG-tests-1] INFO  Log - Loging in...
2025-07-11 13:44:28 [TestNG-tests-1] INFO  Log - Validating each URL and taking screen shots...
2025-07-11 13:44:58 [TestNG-tests-1] INFO  Log - Browser session ended...
2025-07-11 13:45:21 [TestNG-tests-1] INFO  Log - Browser session satrted...
2025-07-11 13:45:29 [TestNG-tests-1] INFO  Log - Navigating to facebook post incepator page...
2025-07-11 13:45:45 [TestNG-tests-1] INFO  Log - Loging in...
2025-07-11 13:45:45 [TestNG-tests-1] INFO  Log - Validating each URL and taking screen shots...
2025-07-11 13:46:09 [TestNG-tests-1] INFO  Log - Browser session ended...
2025-07-11 13:47:08 [TestNG-tests-1] INFO  Log - Browser session satrted...
2025-07-11 13:47:14 [TestNG-tests-1] INFO  Log - Navigating to facebook post incepator page...
2025-07-11 13:47:28 [TestNG-tests-1] INFO  Log - Loging in...
2025-07-11 13:47:28 [TestNG-tests-1] INFO  Log - Validating each URL and taking screen shots...
2025-07-11 13:47:59 [TestNG-tests-1] INFO  Log - Browser session ended...
2025-07-11 13:48:42 [TestNG-tests-1] INFO  Log - Browser session satrted...
2025-07-11 13:48:49 [TestNG-tests-1] INFO  Log - Navigating to facebook post incepator page...
2025-07-11 13:49:03 [TestNG-tests-1] INFO  Log - Loging in...
2025-07-11 13:49:04 [TestNG-tests-1] INFO  Log - Validating each URL and taking screen shots...
2025-07-11 13:49:38 [TestNG-tests-1] INFO  Log - Browser session ended...
2025-07-11 13:50:43 [TestNG-tests-1] INFO  Log - Browser session satrted...
2025-07-11 13:50:52 [TestNG-tests-1] INFO  Log - Navigating to facebook post incepator page...
2025-07-11 13:51:07 [TestNG-tests-1] INFO  Log - Loging in...
2025-07-11 13:51:07 [TestNG-tests-1] INFO  Log - Validating each URL and taking screen shots...
2025-07-11 13:51:34 [TestNG-tests-1] INFO  Log - Browser session ended...
2025-07-11 13:59:29 [TestNG-tests-1] INFO  Log - Browser session satrted...
2025-07-11 13:59:30 [TestNG-tests-1] INFO  Log - Browser session ended...
2025-07-11 13:59:59 [TestNG-tests-1] INFO  Log - Browser session satrted...
2025-07-11 13:59:59 [TestNG-tests-2] INFO  Log - Browser session satrted...
2025-07-11 14:00:00 [TestNG-tests-1] INFO  Log - Browser session ended...
2025-07-11 14:00:01 [TestNG-tests-2] INFO  Log - Browser session ended...
2025-07-11 14:00:02 [TestNG-tests-1] INFO  Log - Browser session satrted...
2025-07-11 14:00:03 [TestNG-tests-1] INFO  Log - Browser session ended...
2025-07-11 14:03:54 [TestNG-tests-1] INFO  Log - Browser session satrted...
2025-07-11 14:03:54 [TestNG-tests-2] INFO  Log - Browser session satrted...
2025-07-11 14:04:08 [TestNG-tests-2] INFO  Log - Navigating to Twitter post incepator page...
2025-07-11 14:04:09 [TestNG-tests-1] INFO  Log - Navigating to facebook post incepator page...
2025-07-11 14:04:11 [TestNG-tests-2] INFO  Log - Loging in...
2025-07-11 14:04:11 [TestNG-tests-2] INFO  Log - Validating each URL and taking screen shots...
2025-07-11 14:04:25 [TestNG-tests-1] INFO  Log - Loging in...
2025-07-11 14:04:25 [TestNG-tests-1] INFO  Log - Validating each URL and taking screen shots...
2025-07-11 14:04:35 [TestNG-tests-2] INFO  Log - twitter scrappers validation has been completed..!
2025-07-11 14:04:36 [TestNG-tests-2] INFO  Log - Browser session ended...
2025-07-11 14:04:44 [TestNG-tests-2] INFO  Log - Browser session satrted...
2025-07-11 14:04:51 [TestNG-tests-1] INFO  Log - Facebook scrappers validation has been completed..!
2025-07-11 14:04:56 [TestNG-tests-1] INFO  Log - Browser session ended...
2025-07-11 14:05:08 [TestNG-tests-2] INFO  Log - Navigating to LinkedIn post incepator page...
2025-07-11 14:05:09 [TestNG-tests-2] INFO  Log - Loging in...
2025-07-11 14:05:09 [TestNG-tests-2] INFO  Log - Validating each URL and taking screen shots...
2025-07-11 14:05:24 [TestNG-tests-2] INFO  Log - LinkedInPostInception scrappers validation has been completed..!
2025-07-11 14:05:25 [TestNG-tests-2] INFO  Log - Browser session ended...
2025-07-11 16:22:42 [TestNG-tests-2] INFO  Log - Browser session satrted...
2025-07-11 16:22:42 [TestNG-tests-1] INFO  Log - Browser session satrted...
2025-07-11 16:22:57 [TestNG-tests-1] INFO  Log - Navigating to facebook post incepator page...
2025-07-11 16:22:58 [TestNG-tests-2] INFO  Log - Navigating to Twitter post incepator page...
2025-07-11 16:23:01 [TestNG-tests-2] INFO  Log - Loging in...
2025-07-11 16:23:02 [TestNG-tests-2] INFO  Log - Validating each URL and taking screen shots...
2025-07-11 16:23:10 [TestNG-tests-1] INFO  Log - Browser session ended...
2025-07-11 16:23:19 [TestNG-tests-1] INFO  Log - Browser session satrted...
2025-07-11 16:23:29 [TestNG-tests-2] INFO  Log - twitter scrappers validation has been completed..!
2025-07-11 16:23:31 [TestNG-tests-2] INFO  Log - Browser session ended...
2025-07-11 16:23:40 [TestNG-tests-1] INFO  Log - Navigating to LinkedIn post incepator page...
2025-07-11 16:23:42 [TestNG-tests-1] INFO  Log - Loging in...
2025-07-11 16:23:42 [TestNG-tests-1] INFO  Log - Validating each URL and taking screen shots...
2025-07-11 16:23:57 [TestNG-tests-1] INFO  Log - LinkedInPostInception scrappers validation has been completed..!
2025-07-11 16:23:58 [TestNG-tests-1] INFO  Log - Browser session ended...
2025-07-11 16:26:11 [TestNG-tests-2] INFO  Log - Browser session satrted...
2025-07-11 16:26:11 [TestNG-tests-1] INFO  Log - Browser session satrted...
2025-07-11 16:26:24 [TestNG-tests-2] INFO  Log - Navigating to Twitter post incepator page...
2025-07-11 16:26:25 [TestNG-tests-1] INFO  Log - Navigating to facebook post incepator page...
2025-07-11 16:26:28 [TestNG-tests-2] INFO  Log - Loging in...
2025-07-11 16:26:28 [TestNG-tests-2] INFO  Log - Validating each URL and taking screen shots...
2025-07-11 16:26:41 [TestNG-tests-1] INFO  Log - Loging in...
2025-07-11 16:26:41 [TestNG-tests-1] INFO  Log - Validating each URL and taking screen shots...
2025-07-11 16:26:49 [TestNG-tests-2] INFO  Log - twitter scrappers validation has been completed..!
2025-07-11 16:26:50 [TestNG-tests-2] INFO  Log - Browser session ended...
2025-07-11 16:26:59 [TestNG-tests-2] INFO  Log - Browser session satrted...
2025-07-11 16:27:06 [TestNG-tests-1] INFO  Log - Facebook scrappers validation has been completed..!
2025-07-11 16:27:09 [TestNG-tests-1] INFO  Log - Browser session ended...
2025-07-11 16:27:24 [TestNG-tests-2] INFO  Log - Navigating to LinkedIn post incepator page...
2025-07-11 16:27:27 [TestNG-tests-2] INFO  Log - Loging in...
2025-07-11 16:27:27 [TestNG-tests-2] INFO  Log - Validating each URL and taking screen shots...
2025-07-11 16:27:42 [TestNG-tests-2] INFO  Log - LinkedInPostInception scrappers validation has been completed..!
2025-07-11 16:27:43 [TestNG-tests-2] INFO  Log - Browser session ended...
2025-07-18 13:37:54 [TestNG-tests-1] INFO  Log - Browser session satrted...
2025-07-18 13:37:54 [TestNG-tests-2] INFO  Log - Browser session satrted...
2025-07-18 13:38:07 [TestNG-tests-2] INFO  Log - Browser session ended...
2025-07-18 13:38:07 [TestNG-tests-1] INFO  Log - Browser session ended...
2025-07-18 13:38:15 [TestNG-tests-2] INFO  Log - Browser session satrted...
2025-07-18 13:38:15 [TestNG-tests-1] INFO  Log - Browser session satrted...
2025-07-18 13:38:55 [TestNG-tests-1] INFO  Log - Navigating to facebook post incepator page...
2025-07-18 13:39:08 [TestNG-tests-2] INFO  Log - Browser session satrted...
2025-07-18 13:39:11 [TestNG-tests-2] INFO  Log - Navigating to Twitter post incepator page...
2025-07-18 13:39:21 [TestNG-tests-2] INFO  Log - Loging in...
2025-07-18 13:39:21 [TestNG-tests-2] INFO  Log - Validating each URL and taking screen shots...
2025-07-18 13:40:14 [TestNG-tests-2] INFO  Log - Navigating to LinkedIn post incepator page...
2025-07-18 13:40:19 [TestNG-tests-2] INFO  Log - twitter scrappers validation has been completed..!
2025-07-18 13:40:20 [TestNG-tests-2] INFO  Log - Loging in...
2025-07-18 13:40:20 [TestNG-tests-2] INFO  Log - Validating each URL and taking screen shots...
2025-07-18 13:40:24 [TestNG-tests-2] INFO  Log - Browser session ended...
2025-07-18 13:40:38 [TestNG-tests-1] INFO  Log - Loging in...
2025-07-18 13:40:38 [TestNG-tests-1] INFO  Log - Validating each URL and taking screen shots...
2025-07-18 13:40:42 [TestNG-tests-2] INFO  Log - Browser session satrted...
2025-07-18 13:41:17 [TestNG-tests-2] INFO  Log - Browser session ended...
2025-07-22 11:57:03 [TestNG-tests-1] INFO  Log - Browser session satrted...
2025-07-22 11:57:03 [TestNG-tests-2] INFO  Log - Browser session satrted...
2025-07-22 11:57:14 [TestNG-tests-1] INFO  Log - Navigating to facebook post incepator page...
2025-07-22 11:57:21 [TestNG-tests-2] INFO  Log - Navigating to Twitter post incepator page...
2025-07-22 11:57:24 [TestNG-tests-2] INFO  Log - Loging in...
2025-07-22 11:57:24 [TestNG-tests-2] INFO  Log - Validating each URL and taking screen shots...
2025-07-22 11:57:36 [TestNG-tests-1] INFO  Log - Loging in...
2025-07-22 11:57:37 [TestNG-tests-1] INFO  Log - Validating each URL and taking screen shots...
2025-07-22 11:57:48 [TestNG-tests-2] INFO  Log - twitter scrappers validation has been completed..!
2025-07-22 11:57:49 [TestNG-tests-2] INFO  Log - Browser session ended...
2025-07-22 11:57:53 [TestNG-tests-2] INFO  Log - Browser session satrted...
2025-07-22 11:57:55 [TestNG-tests-1] INFO  Log - Facebook scrappers validation has been completed..!
2025-07-22 11:57:58 [TestNG-tests-1] INFO  Log - Browser session ended...
2025-07-22 11:58:10 [TestNG-tests-2] INFO  Log - Navigating to LinkedIn post incepator page...
2025-07-22 11:58:11 [TestNG-tests-2] INFO  Log - Loging in...
2025-07-22 11:58:11 [TestNG-tests-2] INFO  Log - Validating each URL and taking screen shots...
2025-07-22 11:58:22 [TestNG-tests-2] INFO  Log - LinkedInPostInception scrappers validation has been completed..!
2025-07-22 11:58:23 [TestNG-tests-2] INFO  Log - Browser session ended...
2025-07-22 12:04:11 [TestNG-tests-1] INFO  Log - Browser session satrted...
2025-07-22 12:04:11 [TestNG-tests-2] INFO  Log - Browser session satrted...
2025-07-22 12:04:22 [TestNG-tests-1] INFO  Log - Navigating to facebook post incepator page...
2025-07-22 12:04:26 [TestNG-tests-2] INFO  Log - Navigating to Twitter post incepator page...
2025-07-22 12:04:30 [TestNG-tests-2] INFO  Log - Loging in...
2025-07-22 12:04:30 [TestNG-tests-2] INFO  Log - Validating each URL and taking screen shots...
2025-07-22 12:04:46 [TestNG-tests-1] INFO  Log - Loging in...
2025-07-22 12:04:46 [TestNG-tests-1] INFO  Log - Validating each URL and taking screen shots...
2025-07-22 12:04:52 [TestNG-tests-2] INFO  Log - twitter scrappers validation has been completed..!
2025-07-22 12:04:53 [TestNG-tests-2] INFO  Log - Browser session ended...
2025-07-22 12:04:56 [TestNG-tests-2] INFO  Log - Browser session satrted...
2025-07-22 12:05:14 [TestNG-tests-1] INFO  Log - Facebook scrappers validation has been completed..!
2025-07-22 12:05:16 [TestNG-tests-1] INFO  Log - Browser session ended...
2025-07-22 12:05:21 [TestNG-tests-2] INFO  Log - Navigating to LinkedIn post incepator page...
2025-07-22 12:05:22 [TestNG-tests-2] INFO  Log - Loging in...
2025-07-22 12:05:22 [TestNG-tests-2] INFO  Log - Validating each URL and taking screen shots...
2025-07-22 12:05:34 [TestNG-tests-2] INFO  Log - LinkedInPostInception scrappers validation has been completed..!
2025-07-22 12:05:36 [TestNG-tests-2] INFO  Log - Browser session ended...
2025-07-22 12:12:42 [TestNG-tests-2] INFO  Log - Browser session satrted...
2025-07-22 12:12:42 [TestNG-tests-1] INFO  Log - Browser session satrted...
2025-07-22 12:12:57 [TestNG-tests-2] INFO  Log - Navigating to Twitter post incepator page...
2025-07-22 12:12:58 [TestNG-tests-1] INFO  Log - Navigating to facebook post incepator page...
2025-07-22 12:13:00 [TestNG-tests-2] INFO  Log - Loging in...
2025-07-22 12:13:00 [TestNG-tests-2] INFO  Log - Validating each URL and taking screen shots...
2025-07-22 12:13:18 [TestNG-tests-1] INFO  Log - Loging in...
2025-07-22 12:13:18 [TestNG-tests-1] INFO  Log - Validating each URL and taking screen shots...
2025-07-22 12:13:20 [TestNG-tests-2] INFO  Log - twitter scrappers validation has been completed..!
2025-07-22 12:13:21 [TestNG-tests-2] INFO  Log - Browser session ended...
2025-07-22 12:13:25 [TestNG-tests-2] INFO  Log - Browser session satrted...
2025-07-22 12:13:46 [TestNG-tests-1] INFO  Log - Facebook scrappers validation has been completed..!
2025-07-22 12:13:48 [TestNG-tests-1] INFO  Log - Browser session ended...
2025-07-22 12:13:50 [TestNG-tests-2] INFO  Log - Navigating to LinkedIn post incepator page...
2025-07-22 12:13:52 [TestNG-tests-2] INFO  Log - Loging in...
2025-07-22 12:13:52 [TestNG-tests-2] INFO  Log - Validating each URL and taking screen shots...
2025-07-22 12:14:04 [TestNG-tests-2] INFO  Log - LinkedInPostInception scrappers validation has been completed..!
2025-07-22 12:14:05 [TestNG-tests-2] INFO  Log - Browser session ended...
2025-07-22 12:42:24 [TestNG-tests-2] INFO  Log - Browser session satrted...
2025-07-22 12:42:24 [TestNG-tests-1] INFO  Log - Browser session satrted...
2025-07-22 12:42:50 [TestNG-tests-1] INFO  Log - Navigating to facebook post incepator page...
2025-07-22 12:42:50 [TestNG-tests-2] INFO  Log - Navigating to Twitter post incepator page...
2025-07-22 12:42:54 [TestNG-tests-2] INFO  Log - Loging in...
2025-07-22 12:42:54 [TestNG-tests-2] INFO  Log - Validating each URL and taking screen shots...
2025-07-22 12:43:10 [TestNG-tests-1] INFO  Log - Loging in...
2025-07-22 12:43:10 [TestNG-tests-1] INFO  Log - Validating each URL and taking screen shots...
2025-07-22 12:43:13 [TestNG-tests-2] INFO  Log - twitter scrappers validation has been completed..!
2025-07-22 12:43:14 [TestNG-tests-2] INFO  Log - Browser session ended...
2025-07-22 12:43:18 [TestNG-tests-2] INFO  Log - Browser session satrted...
2025-07-22 12:43:27 [TestNG-tests-1] INFO  Log - Facebook scrappers validation has been completed..!
2025-07-22 12:43:31 [TestNG-tests-1] INFO  Log - Browser session ended...
2025-07-22 12:43:42 [TestNG-tests-2] INFO  Log - Navigating to LinkedIn post incepator page...
2025-07-22 12:43:45 [TestNG-tests-2] INFO  Log - Loging in...
2025-07-22 12:43:45 [TestNG-tests-2] INFO  Log - Validating each URL and taking screen shots...
2025-07-22 12:43:53 [TestNG-tests-2] INFO  Log - LinkedInPostInception scrappers validation has been completed..!
2025-07-22 12:43:54 [TestNG-tests-2] INFO  Log - Browser session ended...
2025-07-22 12:45:43 [TestNG-tests-1] INFO  Log - Browser session satrted...
2025-07-22 12:45:43 [TestNG-tests-2] INFO  Log - Browser session satrted...
2025-07-22 12:45:58 [TestNG-tests-1] INFO  Log - Navigating to facebook post incepator page...
2025-07-22 12:45:59 [TestNG-tests-2] INFO  Log - Navigating to Twitter post incepator page...
2025-07-22 12:46:03 [TestNG-tests-2] INFO  Log - Loging in...
2025-07-22 12:46:03 [TestNG-tests-2] INFO  Log - Validating each URL and taking screen shots...
2025-07-22 12:46:22 [TestNG-tests-1] INFO  Log - Loging in...
2025-07-22 12:46:22 [TestNG-tests-1] INFO  Log - Validating each URL and taking screen shots...
2025-07-22 12:46:27 [TestNG-tests-2] INFO  Log - twitter scrappers validation has been completed..!
2025-07-22 12:46:28 [TestNG-tests-2] INFO  Log - Browser session ended...
2025-07-22 12:46:33 [TestNG-tests-2] INFO  Log - Browser session satrted...
2025-07-22 12:46:50 [TestNG-tests-1] INFO  Log - Facebook scrappers validation has been completed..!
2025-07-22 12:47:00 [TestNG-tests-1] INFO  Log - Browser session ended...
2025-07-22 12:47:13 [TestNG-tests-2] INFO  Log - Navigating to LinkedIn post incepator page...
2025-07-22 12:47:16 [TestNG-tests-2] INFO  Log - Loging in...
2025-07-22 12:47:16 [TestNG-tests-2] INFO  Log - Validating each URL and taking screen shots...
2025-07-22 12:47:29 [TestNG-tests-2] INFO  Log - LinkedInPostInception scrappers validation has been completed..!
2025-07-22 12:47:31 [TestNG-tests-2] INFO  Log - Browser session ended...
2025-07-22 12:50:51 [TestNG-tests-1] INFO  Log - Browser session satrted...
2025-07-22 12:50:51 [TestNG-tests-2] INFO  Log - Browser session satrted...
2025-07-22 12:51:05 [TestNG-tests-2] INFO  Log - Navigating to Twitter post incepator page...
2025-07-22 12:51:06 [TestNG-tests-1] INFO  Log - Navigating to facebook post incepator page...
2025-07-22 12:51:09 [TestNG-tests-2] INFO  Log - Loging in...
2025-07-22 12:51:09 [TestNG-tests-2] INFO  Log - Validating each URL and taking screen shots...
2025-07-22 12:51:29 [TestNG-tests-2] INFO  Log - twitter scrappers validation has been completed..!
2025-07-22 12:51:32 [TestNG-tests-2] INFO  Log - Browser session ended...
2025-07-22 12:51:37 [TestNG-tests-2] INFO  Log - Browser session satrted...
2025-07-22 12:51:37 [TestNG-tests-1] INFO  Log - Loging in...
2025-07-22 12:51:37 [TestNG-tests-1] INFO  Log - Validating each URL and taking screen shots...
2025-07-22 12:52:01 [TestNG-tests-1] INFO  Log - Facebook scrappers validation has been completed..!
2025-07-22 12:52:03 [TestNG-tests-1] INFO  Log - Browser session ended...
2025-07-22 12:52:06 [TestNG-tests-2] INFO  Log - Navigating to LinkedIn post incepator page...
2025-07-22 12:52:09 [TestNG-tests-2] INFO  Log - Loging in...
2025-07-22 12:52:09 [TestNG-tests-2] INFO  Log - Validating each URL and taking screen shots...
2025-07-22 12:52:20 [TestNG-tests-2] INFO  Log - LinkedInPostInception scrappers validation has been completed..!
2025-07-22 12:52:22 [TestNG-tests-2] INFO  Log - Browser session ended...
2025-07-22 12:57:25 [TestNG-tests-2] INFO  Log - Browser session satrted...
2025-07-22 12:57:25 [TestNG-tests-1] INFO  Log - Browser session satrted...
2025-07-22 12:58:05 [TestNG-tests-1] INFO  Log - Browser session satrted...
2025-07-22 12:58:05 [TestNG-tests-2] INFO  Log - Browser session satrted...
2025-07-22 12:58:21 [TestNG-tests-1] INFO  Log - Navigating to facebook post incepator page...
2025-07-22 12:58:23 [TestNG-tests-2] INFO  Log - Navigating to Twitter post incepator page...
2025-07-22 12:58:27 [TestNG-tests-2] INFO  Log - Loging in...
2025-07-22 12:58:27 [TestNG-tests-2] INFO  Log - Validating each URL and taking screen shots...
2025-07-22 12:58:41 [TestNG-tests-1] INFO  Log - Loging in...
2025-07-22 12:58:41 [TestNG-tests-1] INFO  Log - Validating each URL and taking screen shots...
2025-07-22 12:58:48 [TestNG-tests-2] INFO  Log - twitter scrappers validation has been completed..!
2025-07-22 12:58:49 [TestNG-tests-2] INFO  Log - Browser session ended...
2025-07-22 12:58:53 [TestNG-tests-2] INFO  Log - Browser session satrted...
2025-07-22 12:59:02 [TestNG-tests-1] INFO  Log - Facebook scrappers validation has been completed..!
2025-07-22 12:59:10 [TestNG-tests-1] INFO  Log - Browser session ended...
2025-07-22 12:59:18 [TestNG-tests-2] INFO  Log - Navigating to LinkedIn post incepator page...
2025-07-22 12:59:25 [TestNG-tests-2] INFO  Log - Loging in...
2025-07-22 12:59:25 [TestNG-tests-2] INFO  Log - Validating each URL and taking screen shots...
2025-07-22 12:59:35 [TestNG-tests-2] INFO  Log - LinkedInPostInception scrappers validation has been completed..!
2025-07-22 12:59:36 [TestNG-tests-2] INFO  Log - Browser session ended...
2025-07-22 13:02:12 [TestNG-tests-1] INFO  Log - Browser session satrted...
2025-07-22 13:02:12 [TestNG-tests-2] INFO  Log - Browser session satrted...
2025-07-22 13:02:27 [TestNG-tests-2] INFO  Log - Navigating to Twitter post incepator page...
2025-07-22 13:02:28 [TestNG-tests-1] INFO  Log - Navigating to facebook post incepator page...
2025-07-22 13:02:30 [TestNG-tests-2] INFO  Log - Loging in...
2025-07-22 13:02:30 [TestNG-tests-2] INFO  Log - Validating each URL and taking screen shots...
2025-07-22 13:02:47 [TestNG-tests-1] INFO  Log - Loging in...
2025-07-22 13:02:47 [TestNG-tests-1] INFO  Log - Validating each URL and taking screen shots...
2025-07-22 13:02:51 [TestNG-tests-2] INFO  Log - twitter scrappers validation has been completed..!
2025-07-22 13:02:53 [TestNG-tests-2] INFO  Log - Browser session ended...
2025-07-22 13:02:56 [TestNG-tests-2] INFO  Log - Browser session satrted...
2025-07-22 13:03:22 [TestNG-tests-1] INFO  Log - Facebook scrappers validation has been completed..!
2025-07-22 13:03:23 [TestNG-tests-1] INFO  Log - Browser session ended...
2025-07-22 13:03:31 [TestNG-tests-2] INFO  Log - Navigating to LinkedIn post incepator page...
2025-07-22 13:03:33 [TestNG-tests-2] INFO  Log - Loging in...
2025-07-22 13:03:33 [TestNG-tests-2] INFO  Log - Validating each URL and taking screen shots...
2025-07-22 13:04:36 [TestNG-tests-2] INFO  Log - Browser session ended...
2025-07-22 13:08:41 [TestNG-tests-2] INFO  Log - Browser session satrted...
2025-07-22 13:08:41 [TestNG-tests-1] INFO  Log - Browser session satrted...
2025-07-22 13:09:06 [TestNG-tests-2] INFO  Log - Navigating to Twitter post incepator page...
2025-07-22 13:09:12 [TestNG-tests-2] INFO  Log - Loging in...
2025-07-22 13:09:12 [TestNG-tests-2] INFO  Log - Validating each URL and taking screen shots...
2025-07-22 13:09:13 [TestNG-tests-1] INFO  Log - Navigating to facebook post incepator page...
2025-07-22 13:09:41 [TestNG-tests-2] INFO  Log - twitter scrappers validation has been completed..!
2025-07-22 13:09:47 [TestNG-tests-2] INFO  Log - Browser session ended...
2025-07-22 13:09:51 [TestNG-tests-2] INFO  Log - Browser session satrted...
2025-07-22 13:09:52 [TestNG-tests-1] INFO  Log - Loging in...
2025-07-22 13:09:52 [TestNG-tests-1] INFO  Log - Validating each URL and taking screen shots...
2025-07-22 13:10:24 [TestNG-tests-1] INFO  Log - Facebook scrappers validation has been completed..!
2025-07-22 13:10:36 [TestNG-tests-2] INFO  Log - Navigating to LinkedIn post incepator page...
2025-07-22 13:10:38 [TestNG-tests-2] INFO  Log - Loging in...
2025-07-22 13:10:38 [TestNG-tests-2] INFO  Log - Validating each URL and taking screen shots...
2025-07-22 13:10:41 [TestNG-tests-1] INFO  Log - Browser session ended...
2025-07-22 13:10:48 [TestNG-tests-2] INFO  Log - LinkedInPostInception scrappers validation has been completed..!
2025-07-22 13:10:49 [TestNG-tests-2] INFO  Log - Browser session ended...
2025-07-24 12:45:16 [TestNG-tests-2] INFO  Log - Browser session satrted...
2025-07-24 12:45:16 [TestNG-tests-1] INFO  Log - Browser session satrted...
2025-07-24 12:45:21 [TestNG-tests-1] INFO  Log - Navigating to facebook post incepator page...
2025-07-24 12:45:23 [TestNG-tests-2] INFO  Log - Navigating to Twitter post incepator page...
2025-07-24 12:45:25 [TestNG-tests-2] INFO  Log - Loging in...
2025-07-24 12:45:25 [TestNG-tests-2] INFO  Log - Validating each URL and taking screen shots...
2025-07-24 12:45:34 [TestNG-tests-1] INFO  Log - Loging in...
2025-07-24 12:45:34 [TestNG-tests-1] INFO  Log - Validating each URL and taking screen shots...
2025-07-24 12:45:37 [TestNG-tests-2] INFO  Log - twitter scrappers validation has been completed..!
2025-07-24 12:45:38 [TestNG-tests-2] INFO  Log - Browser session ended...
2025-07-24 12:45:40 [TestNG-tests-2] INFO  Log - Browser session satrted...
2025-07-24 12:45:44 [TestNG-tests-1] INFO  Log - Facebook scrappers validation has been completed..!
2025-07-24 12:45:45 [TestNG-tests-1] INFO  Log - Browser session ended...
2025-07-24 12:45:49 [TestNG-tests-2] INFO  Log - Navigating to LinkedIn post incepator page...
2025-07-24 12:45:50 [TestNG-tests-2] INFO  Log - Loging in...
2025-07-24 12:45:50 [TestNG-tests-2] INFO  Log - Validating each URL and taking screen shots...
2025-07-24 12:45:56 [TestNG-tests-2] INFO  Log - LinkedInPostInception scrappers validation has been completed..!
2025-07-24 12:45:56 [TestNG-tests-2] INFO  Log - Browser session ended...
2025-07-24 13:12:21 [TestNG-tests-2] INFO  Log - Browser session satrted...
2025-07-24 13:12:21 [TestNG-tests-1] INFO  Log - Browser session satrted...
2025-07-24 13:12:28 [TestNG-tests-1] INFO  Log - Navigating to facebook post incepator page...
2025-07-24 13:12:30 [TestNG-tests-2] INFO  Log - Navigating to Twitter post incepator page...
2025-07-24 13:12:31 [TestNG-tests-2] INFO  Log - Loging in...
2025-07-24 13:12:31 [TestNG-tests-2] INFO  Log - Validating each URL and taking screen shots...
2025-07-24 13:12:40 [TestNG-tests-1] INFO  Log - Loging in...
2025-07-24 13:12:40 [TestNG-tests-1] INFO  Log - Validating each URL and taking screen shots...
2025-07-24 13:12:46 [TestNG-tests-2] INFO  Log - twitter scrappers validation has been completed..!
2025-07-24 13:12:47 [TestNG-tests-2] INFO  Log - Browser session ended...
2025-07-24 13:12:47 [TestNG-tests-1] INFO  Log - Facebook scrappers validation has been completed..!
2025-07-24 13:12:48 [TestNG-tests-1] INFO  Log - Browser session ended...
2025-07-24 13:12:49 [TestNG-tests-2] INFO  Log - Browser session satrted...
2025-07-24 13:12:59 [TestNG-tests-2] INFO  Log - Navigating to LinkedIn post incepator page...
2025-07-24 13:13:00 [TestNG-tests-2] INFO  Log - Loging in...
2025-07-24 13:13:00 [TestNG-tests-2] INFO  Log - Validating each URL and taking screen shots...
2025-07-24 13:13:15 [TestNG-tests-2] INFO  Log - LinkedInPostInception scrappers validation has been completed..!
2025-07-24 13:13:15 [TestNG-tests-2] INFO  Log - Browser session ended...
